<?xml version='1.0'?>
<ns2:test-suite xmlns:ns2='urn:model.allure.qatools.yandex.ru' start='1587670641260' stop='1587670654265'>
    <name>Suite:</name>
    <title>Suite:</title>
    <test-cases>
        <test-case start='1587670641261' status='failed' stop='1587670648111'>
            <name>Test dropdown empty | {"Тинькоша"}</name>
            <title>Test dropdown empty | {"Тинькоша"}</title>
            <labels/>
            <parameters/>
            <steps>
                <step start='1587670642943' status='passed' stop='1587670643216'>
                    <name>I am on page "/"</name>
                    <title>I am on page "/"</title>
                    <attachments/>
                    <steps/>
                </step>
                <step start='1587670643216' status='passed' stop='1587670643434'>
                    <name>I fill field "//div[@class="dropdown"]//input", "Тинькоша"</name>
                    <title>I fill field "//div[@class="dropdown"]//input", "Тинькоша"</title>
                    <attachments/>
                    <steps/>
                </step>
                <step start='1587670643434' status='failed' stop='1587670648110'>
                    <name>I see "//div[@class='dropdown-content']/a[text()="Тинькоша"]"</name>
                    <title>I see "//div[@class='dropdown-content']/a[text()="Тинькоша"]"</title>
                    <attachments/>
                    <steps/>
                </step>
            </steps>
            <attachments>
                <attachment title='Last Seen Screenshot' source='e676ec6f-3674-42bc-888b-604c9567e1dc-attachment.png' type='image/png' size='42549'/>
            </attachments>
            <failure>
                <message></message>
                <stack-trace>undefined</stack-trace>
            </failure>
        </test-case>
        <test-case start='1587670648233' status='failed' stop='1587670654142'>
            <name>Test dropdown empty | {"Кот"}</name>
            <title>Test dropdown empty | {"Кот"}</title>
            <labels/>
            <parameters/>
            <steps>
                <step start='1587670649025' status='passed' stop='1587670649305'>
                    <name>I am on page "/"</name>
                    <title>I am on page "/"</title>
                    <attachments/>
                    <steps/>
                </step>
                <step start='1587670649305' status='passed' stop='1587670649458'>
                    <name>I fill field "//div[@class="dropdown"]//input", "Кот"</name>
                    <title>I fill field "//div[@class="dropdown"]//input", "Кот"</title>
                    <attachments/>
                    <steps/>
                </step>
                <step start='1587670649458' status='failed' stop='1587670654142'>
                    <name>I see "//div[@class='dropdown-content']/a[text()="Кот"]"</name>
                    <title>I see "//div[@class='dropdown-content']/a[text()="Кот"]"</title>
                    <attachments/>
                    <steps/>
                </step>
            </steps>
            <attachments>
                <attachment title='Last Seen Screenshot' source='039e6d73-b65e-4820-a251-773fabde7404-attachment.png' type='image/png' size='45852'/>
            </attachments>
            <failure>
                <message></message>
                <stack-trace>undefined</stack-trace>
            </failure>
        </test-case>
    </test-cases>
</ns2:test-suite>